<?xml version="1.0" encoding="UTF-8"?>
<testsuite name="io.pigutty.note.NoteApplicationTests" tests="1" skipped="0" failures="0" errors="0" timestamp="2019-09-17T08:20:30" hostname="LAB-N1695.local" time="0.111">
  <properties/>
  <testcase name="contextLoads" classname="io.pigutty.note.NoteApplicationTests" time="0.111"/>
  <system-out><![CDATA[17:20:27.276 [Test worker] DEBUG org.springframework.test.context.junit4.SpringJUnit4ClassRunner - SpringJUnit4ClassRunner constructor called with [class io.pigutty.note.NoteApplicationTests]
17:20:27.282 [Test worker] DEBUG org.springframework.test.context.BootstrapUtils - Instantiating CacheAwareContextLoaderDelegate from class [org.springframework.test.context.cache.DefaultCacheAwareContextLoaderDelegate]
17:20:27.288 [Test worker] DEBUG org.springframework.test.context.BootstrapUtils - Instantiating BootstrapContext using constructor [public org.springframework.test.context.support.DefaultBootstrapContext(java.lang.Class,org.springframework.test.context.CacheAwareContextLoaderDelegate)]
17:20:27.306 [Test worker] DEBUG org.springframework.test.context.BootstrapUtils - Instantiating TestContextBootstrapper for test class [io.pigutty.note.NoteApplicationTests] from class [org.springframework.boot.test.context.SpringBootTestContextBootstrapper]
17:20:27.314 [Test worker] INFO org.springframework.boot.test.context.SpringBootTestContextBootstrapper - Neither @ContextConfiguration nor @ContextHierarchy found for test class [io.pigutty.note.NoteApplicationTests], using SpringBootContextLoader
17:20:27.317 [Test worker] DEBUG org.springframework.test.context.support.AbstractContextLoader - Did not detect default resource location for test class [io.pigutty.note.NoteApplicationTests]: class path resource [io/pigutty/note/NoteApplicationTests-context.xml] does not exist
17:20:27.317 [Test worker] DEBUG org.springframework.test.context.support.AbstractContextLoader - Did not detect default resource location for test class [io.pigutty.note.NoteApplicationTests]: class path resource [io/pigutty/note/NoteApplicationTestsContext.groovy] does not exist
17:20:27.317 [Test worker] INFO org.springframework.test.context.support.AbstractContextLoader - Could not detect default resource locations for test class [io.pigutty.note.NoteApplicationTests]: no resource found for suffixes {-context.xml, Context.groovy}.
17:20:27.318 [Test worker] INFO org.springframework.test.context.support.AnnotationConfigContextLoaderUtils - Could not detect default configuration classes for test class [io.pigutty.note.NoteApplicationTests]: NoteApplicationTests does not declare any static, non-private, non-final, nested classes annotated with @Configuration.
17:20:27.352 [Test worker] DEBUG org.springframework.test.context.support.ActiveProfilesUtils - Could not find an 'annotation declaring class' for annotation type [org.springframework.test.context.ActiveProfiles] and class [io.pigutty.note.NoteApplicationTests]
17:20:27.406 [Test worker] DEBUG org.springframework.context.annotation.ClassPathScanningCandidateComponentProvider - Identified candidate component class: file [/Users/higuchisyo/IdeaProjects/higuchi_2019summer_intern/build/classes/java/main/io/pigutty/note/NoteApplication.class]
17:20:27.408 [Test worker] INFO org.springframework.boot.test.context.SpringBootTestContextBootstrapper - Found @SpringBootConfiguration io.pigutty.note.NoteApplication for test class io.pigutty.note.NoteApplicationTests
17:20:27.481 [Test worker] DEBUG org.springframework.boot.test.context.SpringBootTestContextBootstrapper - @TestExecutionListeners is not present for class [io.pigutty.note.NoteApplicationTests]: using defaults.
17:20:27.482 [Test worker] INFO org.springframework.boot.test.context.SpringBootTestContextBootstrapper - Loaded default TestExecutionListener class names from location [META-INF/spring.factories]: [org.springframework.security.test.context.support.WithSecurityContextTestExecutionListener, org.springframework.security.test.context.support.ReactorContextTestExecutionListener, org.springframework.boot.test.autoconfigure.restdocs.RestDocsTestExecutionListener, org.springframework.boot.test.autoconfigure.web.client.MockRestServiceServerResetTestExecutionListener, org.springframework.boot.test.autoconfigure.web.servlet.MockMvcPrintOnlyOnFailureTestExecutionListener, org.springframework.boot.test.autoconfigure.web.servlet.WebDriverTestExecutionListener, org.springframework.boot.test.mock.mockito.MockitoTestExecutionListener, org.springframework.boot.test.mock.mockito.ResetMocksTestExecutionListener, org.springframework.test.context.web.ServletTestExecutionListener, org.springframework.test.context.support.DirtiesContextBeforeModesTestExecutionListener, org.springframework.test.context.support.DependencyInjectionTestExecutionListener, org.springframework.test.context.support.DirtiesContextTestExecutionListener, org.springframework.test.context.transaction.TransactionalTestExecutionListener, org.springframework.test.context.jdbc.SqlScriptsTestExecutionListener]
17:20:27.498 [Test worker] INFO org.springframework.boot.test.context.SpringBootTestContextBootstrapper - Using TestExecutionListeners: [org.springframework.test.context.web.ServletTestExecutionListener@436bea61, org.springframework.test.context.support.DirtiesContextBeforeModesTestExecutionListener@70b508e2, org.springframework.boot.test.mock.mockito.MockitoTestExecutionListener@307d53a2, org.springframework.boot.test.autoconfigure.SpringBootDependencyInjectionTestExecutionListener@59c4dc70, org.springframework.test.context.support.DirtiesContextTestExecutionListener@45600dcb, org.springframework.test.context.transaction.TransactionalTestExecutionListener@1d4aff9d, org.springframework.test.context.jdbc.SqlScriptsTestExecutionListener@47f05fd5, org.springframework.security.test.context.support.WithSecurityContextTestExecutionListener@38a82c07, org.springframework.security.test.context.support.ReactorContextTestExecutionListener@7d63708c, org.springframework.boot.test.autoconfigure.restdocs.RestDocsTestExecutionListener@379fceaa, org.springframework.boot.test.autoconfigure.web.client.MockRestServiceServerResetTestExecutionListener@7254217b, org.springframework.boot.test.autoconfigure.web.servlet.MockMvcPrintOnlyOnFailureTestExecutionListener@be5f322, org.springframework.boot.test.autoconfigure.web.servlet.WebDriverTestExecutionListener@6de405c2, org.springframework.boot.test.mock.mockito.ResetMocksTestExecutionListener@24476c4a]
17:20:27.500 [Test worker] DEBUG org.springframework.test.annotation.ProfileValueUtils - Retrieved @ProfileValueSourceConfiguration [null] for test class [io.pigutty.note.NoteApplicationTests]
17:20:27.500 [Test worker] DEBUG org.springframework.test.annotation.ProfileValueUtils - Retrieved ProfileValueSource type [class org.springframework.test.annotation.SystemProfileValueSource] for class [io.pigutty.note.NoteApplicationTests]
17:20:27.501 [Test worker] DEBUG org.springframework.test.annotation.ProfileValueUtils - Retrieved @ProfileValueSourceConfiguration [null] for test class [io.pigutty.note.NoteApplicationTests]
17:20:27.501 [Test worker] DEBUG org.springframework.test.annotation.ProfileValueUtils - Retrieved ProfileValueSource type [class org.springframework.test.annotation.SystemProfileValueSource] for class [io.pigutty.note.NoteApplicationTests]
17:20:27.504 [Test worker] DEBUG org.springframework.test.context.support.AbstractDirtiesContextTestExecutionListener - Before test class: context [DefaultTestContext@118e179e testClass = NoteApplicationTests, testInstance = [null], testMethod = [null], testException = [null], mergedContextConfiguration = [WebMergedContextConfiguration@69ea315f testClass = NoteApplicationTests, locations = '{}', classes = '{class io.pigutty.note.NoteApplication}', contextInitializerClasses = '[]', activeProfiles = '{}', propertySourceLocations = '{}', propertySourceProperties = '{org.springframework.boot.test.context.SpringBootTestContextBootstrapper=true}', contextCustomizers = set[org.springframework.boot.test.autoconfigure.properties.PropertyMappingContextCustomizer@0, org.springframework.boot.test.autoconfigure.web.servlet.WebDriverContextCustomizerFactory$Customizer@64154d9, org.springframework.boot.test.context.filter.ExcludeFilterContextCustomizer@c5bf935, org.springframework.boot.test.json.DuplicateJsonObjectContextCustomizerFactory$DuplicateJsonObjectContextCustomizer@27001c57, org.springframework.boot.test.mock.mockito.MockitoContextCustomizer@0, org.springframework.boot.test.web.client.TestRestTemplateContextCustomizer@6a5f7a32], resourceBasePath = 'src/main/webapp', contextLoader = 'org.springframework.boot.test.context.SpringBootContextLoader', parent = [null]], attributes = map['org.springframework.test.context.web.ServletTestExecutionListener.activateListener' -> true]], class annotated with @DirtiesContext [false] with mode [null].
17:20:27.505 [Test worker] DEBUG org.springframework.test.annotation.ProfileValueUtils - Retrieved @ProfileValueSourceConfiguration [null] for test class [io.pigutty.note.NoteApplicationTests]
17:20:27.505 [Test worker] DEBUG org.springframework.test.annotation.ProfileValueUtils - Retrieved ProfileValueSource type [class org.springframework.test.annotation.SystemProfileValueSource] for class [io.pigutty.note.NoteApplicationTests]
17:20:27.521 [Test worker] DEBUG org.springframework.test.context.support.TestPropertySourceUtils - Adding inlined properties to environment: {spring.jmx.enabled=false, org.springframework.boot.test.context.SpringBootTestContextBootstrapper=true, server.port=-1}

  .   ____          _            __ _ _
 /\\ / ___'_ __ _ _(_)_ __  __ _ \ \ \ \
( ( )\___ | '_ | '_| | '_ \/ _` | \ \ \ \
 \\/  ___)| |_)| | | | | || (_| |  ) ) ) )
  '  |____| .__|_| |_|_| |_\__, | / / / /
 =========|_|==============|___/=/_/_/_/
 :: Spring Boot ::        (v2.1.8.RELEASE)

2019-09-17 17:20:28.132  INFO 6393 --- [    Test worker] io.pigutty.note.NoteApplicationTests     : Starting NoteApplicationTests on LAB-N1695.local with PID 6393 (started by higuchisyo in /Users/higuchisyo/IdeaProjects/higuchi_2019summer_intern)
2019-09-17 17:20:28.133  INFO 6393 --- [    Test worker] io.pigutty.note.NoteApplicationTests     : No active profile set, falling back to default profiles: default
2019-09-17 17:20:28.514  INFO 6393 --- [    Test worker] .s.d.r.c.RepositoryConfigurationDelegate : Bootstrapping Spring Data repositories in DEFAULT mode.
2019-09-17 17:20:28.530  INFO 6393 --- [    Test worker] .s.d.r.c.RepositoryConfigurationDelegate : Finished Spring Data repository scanning in 12ms. Found 0 repository interfaces.
2019-09-17 17:20:28.859  INFO 6393 --- [    Test worker] trationDelegate$BeanPostProcessorChecker : Bean 'org.springframework.transaction.annotation.ProxyTransactionManagementConfiguration' of type [org.springframework.transaction.annotation.ProxyTransactionManagementConfiguration$$EnhancerBySpringCGLIB$$289a436c] is not eligible for getting processed by all BeanPostProcessors (for example: not eligible for auto-proxying)
2019-09-17 17:20:29.394  INFO 6393 --- [    Test worker] o.s.s.concurrent.ThreadPoolTaskExecutor  : Initializing ExecutorService 'applicationTaskExecutor'
2019-09-17 17:20:29.908  INFO 6393 --- [    Test worker] .s.s.UserDetailsServiceAutoConfiguration : 

Using generated security password: fea0c0db-78b4-4a18-96f9-48e01bca034a

2019-09-17 17:20:30.047  INFO 6393 --- [    Test worker] o.s.s.web.DefaultSecurityFilterChain     : Creating filter chain: any request, [org.springframework.security.web.context.request.async.WebAsyncManagerIntegrationFilter@7c1e554d, org.springframework.security.web.context.SecurityContextPersistenceFilter@33daf0a4, org.springframework.security.web.header.HeaderWriterFilter@720a6794, org.springframework.security.web.csrf.CsrfFilter@4142885b, org.springframework.security.web.authentication.logout.LogoutFilter@446a244d, org.springframework.security.web.authentication.UsernamePasswordAuthenticationFilter@191611cd, org.springframework.security.web.authentication.ui.DefaultLoginPageGeneratingFilter@7fddff6e, org.springframework.security.web.authentication.ui.DefaultLogoutPageGeneratingFilter@699a747e, org.springframework.security.web.authentication.www.BasicAuthenticationFilter@3f38d141, org.springframework.security.web.savedrequest.RequestCacheAwareFilter@5b10ca9e, org.springframework.security.web.servletapi.SecurityContextHolderAwareRequestFilter@762c5e70, org.springframework.security.web.authentication.AnonymousAuthenticationFilter@408e7d6b, org.springframework.security.web.session.SessionManagementFilter@4e868b2c, org.springframework.security.web.access.ExceptionTranslationFilter@81d834, org.springframework.security.web.access.intercept.FilterSecurityInterceptor@6b68f792]
2019-09-17 17:20:30.142  INFO 6393 --- [    Test worker] io.pigutty.note.NoteApplicationTests     : Started NoteApplicationTests in 2.614 seconds (JVM running for 3.354)
]]></system-out>
  <system-err><![CDATA[]]></system-err>
</testsuite>
